2019-04-06 23:45:36 +0000  Initial pipeline context: <IDEDistributionProcessingPipelineContext: 0x7fe97bbe7b70; archive(resolved)='<IDEArchive: 0x7fe97ba725e0>', distributionTask(resolved)='2', distributionDestination(resolved)='1', distributionMethod(resolved)='<IDEDistributionMethodDevelopmentSigned: 0x7fe9789397e0>', team(resolved)='<IDEProvisioningDisambiguatableBasicTeam: 0x7fe978827bc0; teamID='Q758D2PLHU', teamName='Ben Mitchell', teamType='Individual', username='ben@pyron.tech', isFreeProvisioningTeam='0'>'>
	Chain (12, self inclusive):
	<IDEDistributionProcessingPipelineContext: 0x7fe97bbe7b70; archive = '<IDEArchive: 0x7fe97ba725e0>', distributionMethod='<IDEDistributionMethodDevelopmentSigned: 0x7fe9789397e0>', team='<IDEProvisioningDisambiguatableBasicTeam: 0x7fe978827bc0; teamID='Q758D2PLHU', teamName='Ben Mitchell', teamType='Individual', username='ben@pyron.tech', isFreeProvisioningTeam='0'>'>
	<IDEDistributionProcessingPipelineContext: 0x7fe97ba85a00; archive = '<IDEArchive: 0x7fe97ba725e0>', distributionMethod='<IDEDistributionMethodDevelopmentSigned: 0x7fe9789397e0>', team='<IDEProvisioningDisambiguatableBasicTeam: 0x7fe978827bc0; teamID='Q758D2PLHU', teamName='Ben Mitchell', teamType='Individual', username='ben@pyron.tech', isFreeProvisioningTeam='0'>'>
	<IDEDistributionContext: 0x7fe97b8c43f0; archive = '<IDEArchive: 0x7fe97ba725e0>', distributionMethod='<IDEDistributionMethodDevelopmentSigned: 0x7fe9789397e0>', team='<IDEProvisioningDisambiguatableBasicTeam: 0x7fe978827bc0; teamID='Q758D2PLHU', teamName='Ben Mitchell', teamType='Individual', username='ben@pyron.tech', isFreeProvisioningTeam='0'>'>
	<IDEDistributionContext: 0x7fe97bc6f760; archive = '<IDEArchive: 0x7fe97ba725e0>', distributionMethod='<IDEDistributionMethodDevelopmentSigned: 0x7fe9789397e0>', team='<IDEProvisioningDisambiguatableBasicTeam: 0x7fe978827bc0; teamID='Q758D2PLHU', teamName='Ben Mitchell', teamType='Individual', username='ben@pyron.tech', isFreeProvisioningTeam='0'>'>
	<IDEDistributionContext: 0x7fe979ceac90; archive = '<IDEArchive: 0x7fe97ba725e0>', distributionMethod='<IDEDistributionMethodDevelopmentSigned: 0x7fe9789397e0>', team='<IDEProvisioningDisambiguatableBasicTeam: 0x7fe978827bc0; teamID='Q758D2PLHU', teamName='Ben Mitchell', teamType='Individual', username='ben@pyron.tech', isFreeProvisioningTeam='0'>'>
	<IDEDistributionContext: 0x7fe97a1711b0; archive = '<IDEArchive: 0x7fe97ba725e0>', distributionMethod='<IDEDistributionMethodDevelopmentSigned: 0x7fe9789397e0>', team='<IDEProvisioningDisambiguatableBasicTeam: 0x7fe978827bc0; teamID='Q758D2PLHU', teamName='Ben Mitchell', teamType='Individual', username='ben@pyron.tech', isFreeProvisioningTeam='0'>'>
	<IDEDistributionContext: 0x7fe97a4227d0; archive = '<IDEArchive: 0x7fe97ba725e0>', distributionMethod='<IDEDistributionMethodDevelopmentSigned: 0x7fe9789397e0>', team='<IDEProvisioningDisambiguatableBasicTeam: 0x7fe978827bc0; teamID='Q758D2PLHU', teamName='Ben Mitchell', teamType='Individual', username='ben@pyron.tech', isFreeProvisioningTeam='0'>'>
	<IDEDistributionContext: 0x7fe97a4e31b0; archive = '<IDEArchive: 0x7fe97ba725e0>', distributionMethod='<IDEDistributionMethodDevelopmentSigned: 0x7fe9789397e0>', team='<IDEProvisioningDisambiguatableBasicTeam: 0x7fe978827bc0; teamID='Q758D2PLHU', teamName='Ben Mitchell', teamType='Individual', username='ben@pyron.tech', isFreeProvisioningTeam='0'>'>
	<IDEDistributionContext: 0x7fe97ba9f700; archive = '<IDEArchive: 0x7fe97ba725e0>', distributionMethod='<IDEDistributionMethodDevelopmentSigned: 0x7fe9789397e0>', team='<IDEProvisioningDisambiguatableBasicTeam: 0x7fe978827bc0; teamID='Q758D2PLHU', teamName='Ben Mitchell', teamType='Individual', username='ben@pyron.tech', isFreeProvisioningTeam='0'>'>
	<IDEDistributionContext: 0x7fe97a54e330; archive = '<IDEArchive: 0x7fe97ba725e0>', distributionMethod='<IDEDistributionMethodDevelopmentSigned: 0x7fe9789397e0>', team='(null)'>
	<IDEDistributionContext: 0x7fe97b83a990; archive = '<IDEArchive: 0x7fe97ba725e0>', distributionMethod='<IDEDistributionMethodDevelopmentSigned: 0x7fe9789397e0>', team='(null)'>
	<IDEDistributionContext: 0x7fe979ad3c40; archive = '<IDEArchive: 0x7fe97ba725e0>', distributionMethod='(null)', team='(null)'>
</IDEDistributionProcessingPipelineContext: 0x7fe97bbe7b70>
2019-04-06 23:45:36 +0000  Processing step: IDEDistributionCreateDestRootStep
2019-04-06 23:45:36 +0000  Processing step: IDEDistributionCopyItemStep
2019-04-06 23:45:36 +0000  Running /usr/bin/ditto '-V' '/Users/mrbenftw/Library/Developer/Xcode/Archives/2019-04-07/Undecimus 07-04-2019, 00.44.xcarchive/Products/Applications/Undecimus.app' '/var/folders/mz/1cg7sr7s7b515769b36sv9w40000gn/T/XcodeDistPipeline.~~~hjo97O/Root/Payload/Undecimus.app'
2019-04-06 23:45:36 +0000  >>> Copying /Users/mrbenftw/Library/Developer/Xcode/Archives/2019-04-07/Undecimus 07-04-2019, 00.44.xcarchive/Products/Applications/Undecimus.app 
2019-04-06 23:45:36 +0000  copying file ./_CodeSignature/CodeResources ... 
2019-04-06 23:45:36 +0000  24572 bytes for ./_CodeSignature/CodeResources
2019-04-06 23:45:36 +0000  copying file ./binpack64-256.md5sums ... 
2019-04-06 23:45:36 +0000  16143 bytes for ./binpack64-256.md5sums
2019-04-06 23:45:36 +0000  copying file ./Painting_With_Chocolate.ttf ... 
2019-04-06 23:45:36 +0000  1415148 bytes for ./Painting_With_Chocolate.ttf
copying file ./AppIcon60x60@2x.png ... 
2019-04-06 23:45:36 +0000  18735 bytes for ./AppIcon60x60@2x.png
2019-04-06 23:45:36 +0000  copying symlink ./resources.deb ... 
2019-04-06 23:45:36 +0000  linked ./resources.deb
2019-04-06 23:45:36 +0000  copying file ./Base.lproj/LaunchScreen.storyboardc/01J-lp-oVM-view-Ze5-6b-2t3.nib ... 
2019-04-06 23:45:36 +0000  1885 bytes for ./Base.lproj/LaunchScreen.storyboardc/01J-lp-oVM-view-Ze5-6b-2t3.nib
2019-04-06 23:45:36 +0000  copying file ./Base.lproj/LaunchScreen.storyboardc/UIViewController-01J-lp-oVM.nib ... 
2019-04-06 23:45:36 +0000  832 bytes for ./Base.lproj/LaunchScreen.storyboardc/UIViewController-01J-lp-oVM.nib
copying file ./Base.lproj/LaunchScreen.storyboardc/Info.plist ... 
2019-04-06 23:45:36 +0000  258 bytes for ./Base.lproj/LaunchScreen.storyboardc/Info.plist
2019-04-06 23:45:36 +0000  copying file ./Main.storyboardc/uGG-wM-8Jf-view-XeG-pE-Kqy.nib ... 
2019-04-06 23:45:36 +0000  28880 bytes for ./Main.storyboardc/uGG-wM-8Jf-view-XeG-pE-Kqy.nib
copying file ./Main.storyboardc/UITableViewController-uGG-wM-8Jf.nib ... 
2019-04-06 23:45:36 +0000  1093 bytes for ./Main.storyboardc/UITableViewController-uGG-wM-8Jf.nib
2019-04-06 23:45:36 +0000  copying file ./Main.storyboardc/ScN-Hx-Um8-view-GAs-vX-6zY.nib ... 
2019-04-06 23:45:36 +0000  33050 bytes for ./Main.storyboardc/ScN-Hx-Um8-view-GAs-vX-6zY.nib
2019-04-06 23:45:36 +0000  copying file ./Main.storyboardc/UITabBarController-fXg-v1-4vE.nib ... 
2019-04-06 23:45:36 +0000  3261 bytes for ./Main.storyboardc/UITabBarController-fXg-v1-4vE.nib
copying file ./Main.storyboardc/tXi-Ze-6Yw-view-Vv2-VM-nBq.nib ... 
2019-04-06 23:45:36 +0000  8182 bytes for ./Main.storyboardc/tXi-Ze-6Yw-view-Vv2-VM-nBq.nib
copying file ./Main.storyboardc/Info.plist ... 
2019-04-06 23:45:36 +0000  349 bytes for ./Main.storyboardc/Info.plist
copying file ./Undecimus ... 
2019-04-06 23:45:36 +0000  1060432 bytes for ./Undecimus
copying file ./Assets.car ... 
2019-04-06 23:45:36 +0000  6557768 bytes for ./Assets.car
2019-04-06 23:45:36 +0000  copying file ./AppIcon76x76@2x~ipad.png ... 
2019-04-06 23:45:36 +0000  27379 bytes for ./AppIcon76x76@2x~ipad.png
2019-04-06 23:45:36 +0000  copying file ./apt/libgpg-error_1.32-1_iphoneos-arm.deb ... 
2019-04-06 23:45:36 +0000  132612 bytes for ./apt/libgpg-error_1.32-1_iphoneos-arm.deb
copying file ./apt/com.parrotgeek.nobetaalert_1.3.1_iphoneos-arm.deb ... 
2019-04-06 23:45:36 +0000  2708 bytes for ./apt/com.parrotgeek.nobetaalert_1.3.1_iphoneos-arm.deb
2019-04-06 23:45:36 +0000  copying file ./apt/xz_5.2.4-4_iphoneos-arm.deb ... 
2019-04-06 23:45:36 +0000  158670 bytes for ./apt/xz_5.2.4-4_iphoneos-arm.deb
2019-04-06 23:45:36 +0000  copying file ./apt/diffutils_3.6-1_iphoneos-arm.deb ... 
2019-04-06 23:45:36 +0000  168396 bytes for ./apt/diffutils_3.6-1_iphoneos-arm.deb
2019-04-06 23:45:36 +0000  copying file ./apt/gnupg_2.2.11-2_iphoneos-arm.deb ... 
2019-04-06 23:45:36 +0000  2336180 bytes for ./apt/gnupg_2.2.11-2_iphoneos-arm.deb
2019-04-06 23:45:36 +0000  copying file ./apt/gcrypt_1.8.3-1_iphoneos-arm.deb ... 
2019-04-06 23:45:36 +0000  431454 bytes for ./apt/gcrypt_1.8.3-1_iphoneos-arm.deb
copying file ./apt/wget_1.19.5-2_iphoneos-arm.deb ... 
255856 bytes for ./apt/wget_1.19.5-2_iphoneos-arm.deb
copying file ./apt/npth_1.6-1_iphoneos-arm.deb ... 
2019-04-06 23:45:36 +0000  14396 bytes for ./apt/npth_1.6-1_iphoneos-arm.deb
copying file ./apt/bzip2_1.0.6-1_iphoneos-arm.deb ... 
52910 bytes for ./apt/bzip2_1.0.6-1_iphoneos-arm.deb
copying file ./apt/com.ps.letmeblock_0.0.1_iphoneos-arm.deb ... 
2019-04-06 23:45:36 +0000  1982 bytes for ./apt/com.ps.letmeblock_0.0.1_iphoneos-arm.deb
copying file ./apt/libplist_2.0.0-2_iphoneos-arm.deb ... 
2019-04-06 23:45:36 +0000  44398 bytes for ./apt/libplist_2.0.0-2_iphoneos-arm.deb
2019-04-06 23:45:36 +0000  copying file ./apt/dpkg_1.18.25-9_iphoneos-arm.deb ... 
2019-04-06 23:45:36 +0000  658852 bytes for ./apt/dpkg_1.18.25-9_iphoneos-arm.deb
2019-04-06 23:45:36 +0000  copying file ./apt/ldid_2_2.1.1+elucubratus1_iphoneos-arm.deb ... 
2019-04-06 23:45:36 +0000  51782 bytes for ./apt/ldid_2_2.1.1+elucubratus1_iphoneos-arm.deb
copying file ./apt/readline_7.0.5-2_iphoneos-arm.deb ... 
2019-04-06 23:45:36 +0000  167042 bytes for ./apt/readline_7.0.5-2_iphoneos-arm.deb
2019-04-06 23:45:36 +0000  copying file ./apt/firmware-sbin_0-1_all.deb ... 
2019-04-06 23:45:36 +0000  2140 bytes for ./apt/firmware-sbin_0-1_all.deb
2019-04-06 23:45:36 +0000  copying file ./apt/profile.d_0-1_iphoneos-arm.deb ... 
2019-04-06 23:45:36 +0000  942 bytes for ./apt/profile.d_0-1_iphoneos-arm.deb
2019-04-06 23:45:36 +0000  copying file ./apt/signing-certificate_0.0.1_iphoneos-arm.deb ... 
2019-04-06 23:45:36 +0000  6236 bytes for ./apt/signing-certificate_0.0.1_iphoneos-arm.deb
2019-04-06 23:45:36 +0000  copying file ./apt/nettle_3.4-2_iphoneos-arm.deb ... 
2019-04-06 23:45:36 +0000  355060 bytes for ./apt/nettle_3.4-2_iphoneos-arm.deb
2019-04-06 23:45:36 +0000  copying file ./apt/libksba_1.3.5-1_iphoneos-arm.deb ... 
2019-04-06 23:45:36 +0000  105214 bytes for ./apt/libksba_1.3.5-1_iphoneos-arm.deb
2019-04-06 23:45:36 +0000  copying file ./apt/tar_1.30-2_iphoneos-arm.deb ... 
2019-04-06 23:45:36 +0000  246592 bytes for ./apt/tar_1.30-2_iphoneos-arm.deb
2019-04-06 23:45:36 +0000  copying file ./apt/mobilesubstrate_0.9.7032_iphoneos-arm.deb ... 
2019-04-06 23:45:36 +0000  1705510 bytes for ./apt/mobilesubstrate_0.9.7032_iphoneos-arm.deb
2019-04-06 23:45:36 +0000  copying file ./apt/p11-kit_0.23.12-1_iphoneos-arm.deb ... 
2019-04-06 23:45:36 +0000  919680 bytes for ./apt/p11-kit_0.23.12-1_iphoneos-arm.deb
2019-04-06 23:45:36 +0000  copying file ./apt/libapt_1.4.8-7_iphoneos-arm.deb ... 
2019-04-06 23:45:36 +0000  441792 bytes for ./apt/libapt_1.4.8-7_iphoneos-arm.deb
2019-04-06 23:45:36 +0000  copying file ./apt/apt1.4_1.4.8-3_iphoneos-arm.deb ... 
2019-04-06 23:45:36 +0000  513554 bytes for ./apt/apt1.4_1.4.8-3_iphoneos-arm.deb
2019-04-06 23:45:36 +0000  copying file ./apt/berkeleydb_6.2.32-1_iphoneos-arm.deb ... 
2019-04-06 23:45:36 +0000  963874 bytes for ./apt/berkeleydb_6.2.32-1_iphoneos-arm.deb
2019-04-06 23:45:36 +0000  copying file ./apt/essential_0-1_iphoneos-arm.deb ... 
2019-04-06 23:45:36 +0000  676 bytes for ./apt/essential_0-1_iphoneos-arm.deb
copying file ./apt/cydia_1.1.32~b12_iphoneos-arm.deb ... 
2019-04-06 23:45:36 +0000  1572214 bytes for ./apt/cydia_1.1.32~b12_iphoneos-arm.deb
2019-04-06 23:45:36 +0000  copying file ./apt/coreutils-bin_8.30-3_iphoneos-arm.deb ... 
2019-04-06 23:45:36 +0000  1299318 bytes for ./apt/coreutils-bin_8.30-3_iphoneos-arm.deb
copying file ./apt/Release ... 
2019-04-06 23:45:36 +0000  156 bytes for ./apt/Release
copying file ./apt/gnutls_3.5.19-1_iphoneos-arm.deb ... 
2019-04-06 23:45:36 +0000  1388320 bytes for ./apt/gnutls_3.5.19-1_iphoneos-arm.deb
2019-04-06 23:45:36 +0000  copying file ./apt/openssh_7.9p1-3_iphoneos-arm.deb ... 
2019-04-06 23:45:36 +0000  1760384 bytes for ./apt/openssh_7.9p1-3_iphoneos-arm.deb
copying file ./apt/org.thebigboss.repo.icons_1.0_all.deb ... 
2019-04-06 23:45:36 +0000  11530 bytes for ./apt/org.thebigboss.repo.icons_1.0_all.deb
copying file ./apt/libunistring_0.9.10-1_iphoneos-arm.deb ... 
2019-04-06 23:45:36 +0000  684810 bytes for ./apt/libunistring_0.9.10-1_iphoneos-arm.deb
2019-04-06 23:45:36 +0000  copying file ./apt/gzip_1.9-1_iphoneos-arm.deb ... 
2019-04-06 23:45:36 +0000  71252 bytes for ./apt/gzip_1.9-1_iphoneos-arm.deb
2019-04-06 23:45:36 +0000  copying file ./apt/apt-key_1.4.8-3_iphoneos-arm.deb ... 
2019-04-06 23:45:36 +0000  8830 bytes for ./apt/apt-key_1.4.8-3_iphoneos-arm.deb
copying file ./apt/libapt-pkg5.0_1.4.8-4_iphoneos-arm.deb ... 
2019-04-06 23:45:36 +0000  1740800 bytes for ./apt/libapt-pkg5.0_1.4.8-4_iphoneos-arm.deb
2019-04-06 23:45:36 +0000  copying file ./apt/findutils_4.6.0-1_iphoneos-arm.deb ... 
2019-04-06 23:45:36 +0000  292062 bytes for ./apt/findutils_4.6.0-1_iphoneos-arm.deb
2019-04-06 23:45:36 +0000  copying file ./apt/base_1-5_iphoneos-arm.deb ... 
2019-04-06 23:45:36 +0000  1876 bytes for ./apt/base_1-5_iphoneos-arm.deb
2019-04-06 23:45:36 +0000  copying file ./apt/trustinjector_0.4~b5_iphoneos-arm.deb ... 
41530 bytes for ./apt/trustinjector_0.4~b5_iphoneos-arm.deb
copying file ./apt/rsync_3.1.3-2_iphoneos-arm.deb ... 
253978 bytes for ./apt/rsync_3.1.3-2_iphoneos-arm.deb
2019-04-06 23:45:36 +0000  copying file ./apt/cydia-lproj_1.1.32~b1_iphoneos-arm.deb ... 
2019-04-06 23:45:36 +0000  78534 bytes for ./apt/cydia-lproj_1.1.32~b1_iphoneos-arm.deb
2019-04-06 23:45:36 +0000  copying file ./apt/apt7_1:0-2_iphoneos-arm.deb ... 
2019-04-06 23:45:36 +0000  862 bytes for ./apt/apt7_1:0-2_iphoneos-arm.deb
copying file ./apt/file_5.34-2~1_iphoneos-arm.deb ... 
259124 bytes for ./apt/file_5.34-2~1_iphoneos-arm.deb
2019-04-06 23:45:36 +0000  copying file ./apt/system-cmds_790.30.1-2_iphoneos-arm.deb ... 
2019-04-06 23:45:36 +0000  191482 bytes for ./apt/system-cmds_790.30.1-2_iphoneos-arm.deb
copying file ./apt/libssl1.0_1.0.2q-1_iphoneos-arm.deb ... 
2019-04-06 23:45:36 +0000  1085582 bytes for ./apt/libssl1.0_1.0.2q-1_iphoneos-arm.deb
2019-04-06 23:45:36 +0000  copying file ./apt/bash_4.4.23-2_iphoneos-arm.deb ... 
2019-04-06 23:45:36 +0000  496114 bytes for ./apt/bash_4.4.23-2_iphoneos-arm.deb
2019-04-06 23:45:36 +0000  copying file ./apt/uikittools_1.1.13-5_iphoneos-arm.deb ... 
2019-04-06 23:45:36 +0000  24894 bytes for ./apt/uikittools_1.1.13-5_iphoneos-arm.deb
copying file ./apt/shell-cmds_118-8_iphoneos-arm.deb ... 
2019-04-06 23:45:36 +0000  12684 bytes for ./apt/shell-cmds_118-8_iphoneos-arm.deb
2019-04-06 23:45:36 +0000  copying file ./apt/jailbreak-resources_1.0~b11.5_iphoneos-arm.deb ... 
44866 bytes for ./apt/jailbreak-resources_1.0~b11.5_iphoneos-arm.deb
copying file ./apt/lzma_2:4.32.7-2_iphoneos-arm.deb ... 
2019-04-06 23:45:36 +0000  71624 bytes for ./apt/lzma_2:4.32.7-2_iphoneos-arm.deb
copying file ./apt/Packages ... 
2019-04-06 23:45:36 +0000  39025 bytes for ./apt/Packages
2019-04-06 23:45:36 +0000  copying file ./apt/diskdev-cmds_593.221.1-1_iphoneos-arm.deb ... 
2019-04-06 23:45:36 +0000  98764 bytes for ./apt/diskdev-cmds_593.221.1-1_iphoneos-arm.deb
2019-04-06 23:45:36 +0000  copying file ./apt/libassuan_2.5.1-1_iphoneos-arm.deb ... 
2019-04-06 23:45:36 +0000  44150 bytes for ./apt/libassuan_2.5.1-1_iphoneos-arm.deb
copying file ./apt/apt7-lib_1:0_iphoneos-arm.deb ... 
2019-04-06 23:45:36 +0000  586 bytes for ./apt/apt7-lib_1:0_iphoneos-arm.deb
copying file ./apt/darwintools_1-6_iphoneos-arm.deb ... 
2019-04-06 23:45:36 +0000  7596 bytes for ./apt/darwintools_1-6_iphoneos-arm.deb
2019-04-06 23:45:36 +0000  copying file ./apt/coreutils_8.30-2_iphoneos-arm.deb ... 
2019-04-06 23:45:36 +0000  2946970 bytes for ./apt/coreutils_8.30-2_iphoneos-arm.deb
copying file ./apt/debianutils_4.8.6-1_iphoneos-arm.deb ... 
2019-04-06 23:45:36 +0000  7870 bytes for ./apt/debianutils_4.8.6-1_iphoneos-arm.deb
2019-04-06 23:45:36 +0000  copying file ./apt/com.saurik.substrate.safemode_0.9.6001.1_iphoneos-arm.deb ... 
2019-04-06 23:45:36 +0000  15492 bytes for ./apt/com.saurik.substrate.safemode_0.9.6001.1_iphoneos-arm.deb
2019-04-06 23:45:36 +0000  copying file ./apt/ncurses_6.1-1_iphoneos-arm.deb ... 
2019-04-06 23:45:36 +0000  650936 bytes for ./apt/ncurses_6.1-1_iphoneos-arm.deb
2019-04-06 23:45:36 +0000  copying file ./apt/libgmp10_6.1.2-1_iphoneos-arm.deb ... 
234754 bytes for ./apt/libgmp10_6.1.2-1_iphoneos-arm.deb
copying file ./apt/sed_4.5-1_iphoneos-arm.deb ... 
96974 bytes for ./apt/sed_4.5-1_iphoneos-arm.deb
copying file ./apt/apt7-key_1:0_iphoneos-arm.deb ... 
2019-04-06 23:45:36 +0000  588 bytes for ./apt/apt7-key_1:0_iphoneos-arm.deb
2019-04-06 23:45:36 +0000  copying file ./apt/libidn2_6.1.2-1_iphoneos-arm.deb ... 
2019-04-06 23:45:36 +0000  168570 bytes for ./apt/libidn2_6.1.2-1_iphoneos-arm.deb
2019-04-06 23:45:36 +0000  copying file ./apt/lz4_1.7.5-1_iphoneos-arm.deb ... 
2019-04-06 23:45:36 +0000  140720 bytes for ./apt/lz4_1.7.5-1_iphoneos-arm.deb
2019-04-06 23:45:36 +0000  copying file ./apt/system-memory-reset-fix_1.0_iphoneos-arm.deb ... 
2019-04-06 23:45:36 +0000  1888 bytes for ./apt/system-memory-reset-fix_1.0_iphoneos-arm.deb
2019-04-06 23:45:36 +0000  copying file ./apt/gettext_0.19.8-1_iphoneos-arm.deb ... 
2019-04-06 23:45:36 +0000  1291512 bytes for ./apt/gettext_0.19.8-1_iphoneos-arm.deb
2019-04-06 23:45:36 +0000  copying file ./apt/libtasn1_4.13-1_iphoneos-arm.deb ... 
2019-04-06 23:45:36 +0000  68908 bytes for ./apt/libtasn1_4.13-1_iphoneos-arm.deb
copying file ./apt/ca-certificates_0.0.1-1_all.deb ... 
2019-04-06 23:45:36 +0000  142818 bytes for ./apt/ca-certificates_0.0.1-1_all.deb
copying file ./apt/grep_3.1-1_iphoneos-arm.deb ... 
2019-04-06 23:45:36 +0000  115582 bytes for ./apt/grep_3.1-1_iphoneos-arm.deb
copying file ./apt/ncurses5-libs_5.9-1_iphoneos-arm.deb ... 
2019-04-06 23:45:36 +0000  356606 bytes for ./apt/ncurses5-libs_5.9-1_iphoneos-arm.deb
2019-04-06 23:45:36 +0000  copying file ./embedded.mobileprovision ... 
2019-04-06 23:45:36 +0000  10822 bytes for ./embedded.mobileprovision
copying file ./lists.tar.lzma ... 
2019-04-06 23:45:36 +0000  4487447 bytes for ./lists.tar.lzma
copying file ./Info.plist ... 
2019-04-06 23:45:36 +0000  1666 bytes for ./Info.plist
copying file ./binpack64-256.tar.lzma ... 
2019-04-06 23:45:36 +0000  3761052 bytes for ./binpack64-256.tar.lzma
2019-04-06 23:45:36 +0000  copying file ./PkgInfo ... 
2019-04-06 23:45:36 +0000  8 bytes for ./PkgInfo
2019-04-06 23:45:36 +0000  /usr/bin/ditto exited with 0
2019-04-06 23:45:36 +0000  Processing step: IDEDistributionEmbedProfileStep
2019-04-06 23:45:36 +0000  Processing step: IDEDistributionAppThinningPlistStep
2019-04-06 23:45:36 +0000  Skipping step: IDEDistributionAppThinningPlistStep because it said so
2019-04-06 23:45:36 +0000  Processing step: IDEDistributionCompileBitcodeStep
2019-04-06 23:45:36 +0000  Skipping step: IDEDistributionCompileBitcodeStep because it said so
2019-04-06 23:45:36 +0000  Processing step: IDEDistributionCodeSlimmingStep
2019-04-06 23:45:36 +0000  Processing step: IDEDistributionCopyBCSymbolMapsStep
2019-04-06 23:45:36 +0000  Skipping step: IDEDistributionCopyBCSymbolMapsStep because it said so
2019-04-06 23:45:36 +0000  Processing step: IDEDistributionSymbolsStep
2019-04-06 23:45:36 +0000  Skipping step: IDEDistributionSymbolsStep because it said so
2019-04-06 23:45:36 +0000  Processing step: IDEDistributionAppThinningStep
2019-04-06 23:45:36 +0000  Skipping step: IDEDistributionAppThinningStep because it said so
2019-04-06 23:45:36 +0000  Processing step: IDEDistributionArchThinningStep
2019-04-06 23:45:36 +0000  Running /Applications/Xcode.app/Contents/Developer/Toolchains/XcodeDefault.xctoolchain/usr/bin/lipo '/var/folders/mz/1cg7sr7s7b515769b36sv9w40000gn/T/XcodeDistPipeline.~~~hjo97O/Root/Payload/Undecimus.app/Undecimus' '-verify_arch' 'arm64e'
2019-04-06 23:45:36 +0000  /Applications/Xcode.app/Contents/Developer/Toolchains/XcodeDefault.xctoolchain/usr/bin/lipo exited with 0
2019-04-06 23:45:36 +0000  Running /Applications/Xcode.app/Contents/Developer/Toolchains/XcodeDefault.xctoolchain/usr/bin/lipo '/var/folders/mz/1cg7sr7s7b515769b36sv9w40000gn/T/XcodeDistPipeline.~~~hjo97O/Root/Payload/Undecimus.app/Undecimus' '-remove' 'arm64e' '-output' '/var/folders/mz/1cg7sr7s7b515769b36sv9w40000gn/T/XcodeDistPipeline.~~~hjo97O/Root/Payload/Undecimus.app/Undecimus'
2019-04-06 23:45:36 +0000  /Applications/Xcode.app/Contents/Developer/Toolchains/XcodeDefault.xctoolchain/usr/bin/lipo exited with 0
2019-04-06 23:45:36 +0000  Successfully thinned item "Undecimus", arch "arm64e"
2019-04-06 23:45:36 +0000  Processing step: IDEDistributionODRStep
2019-04-06 23:45:36 +0000  Processing step: IDEDistributionStripXattrsStep
2019-04-06 23:45:36 +0000  Running /usr/bin/xattr '-crs' '/var/folders/mz/1cg7sr7s7b515769b36sv9w40000gn/T/XcodeDistPipeline.~~~hjo97O/Root/Payload/Undecimus.app'
2019-04-06 23:45:37 +0000  /usr/bin/xattr exited with 0
2019-04-06 23:45:37 +0000  Processing step: IDEDistributionCodesignStep
2019-04-06 23:45:37 +0000  Entitlements for <IDEDistributionItem: 0x7fe97b9bbbf0 'tech.pyron.jb' '<DVTFilePath:0x7fe97baa9590:'/Users/mrbenftw/Library/Developer/Xcode/Archives/2019-04-07/Undecimus 07-04-2019, 00.44.xcarchive/Products/Applications/Undecimus.app'>'>: {
    "application-identifier" = "Q758D2PLHU.tech.pyron.jb";
    "com.apple.developer.networking.multipath" = 1;
    "com.apple.developer.team-identifier" = Q758D2PLHU;
    "get-task-allow" = 1;
}
2019-04-06 23:45:37 +0000  Writing entitlements for <IDEDistributionItem: 0x7fe97b9bbbf0 'tech.pyron.jb' '<DVTFilePath:0x7fe97baa9590:'/Users/mrbenftw/Library/Developer/Xcode/Archives/2019-04-07/Undecimus 07-04-2019, 00.44.xcarchive/Products/Applications/Undecimus.app'>'> to: /var/folders/mz/1cg7sr7s7b515769b36sv9w40000gn/T/XcodeDistPipeline.~~~hjo97O/entitlements~~~N6e9FD
2019-04-06 23:45:37 +0000  Running /usr/bin/codesign '-vvv' '--force' '--sign' '087529280D3506ED3A6A9552A4505AE80F342899' '--entitlements' '/var/folders/mz/1cg7sr7s7b515769b36sv9w40000gn/T/XcodeDistPipeline.~~~hjo97O/entitlements~~~N6e9FD' '--preserve-metadata=identifier,flags,runtime' '/var/folders/mz/1cg7sr7s7b515769b36sv9w40000gn/T/XcodeDistPipeline.~~~hjo97O/Root/Payload/Undecimus.app'
2019-04-06 23:45:37 +0000  /var/folders/mz/1cg7sr7s7b515769b36sv9w40000gn/T/XcodeDistPipeline.~~~hjo97O/Root/Payload/Undecimus.app: replacing existing signature
2019-04-06 23:45:37 +0000  /var/folders/mz/1cg7sr7s7b515769b36sv9w40000gn/T/XcodeDistPipeline.~~~hjo97O/Root/Payload/Undecimus.app: signed app bundle with Mach-O universal (arm64) [tech.pyron.jb]
2019-04-06 23:45:37 +0000  /usr/bin/codesign exited with 0
2019-04-06 23:45:37 +0000  Processing step: IDEDistributionZipODRItemStep
2019-04-06 23:45:37 +0000  Skipping step: IDEDistributionZipODRItemStep because it said so
2019-04-06 23:45:37 +0000  Processing step: IDEDistributionCreateIPAStep
2019-04-06 23:45:37 +0000  Running /usr/bin/ditto '-V' '-c' '-k' '--norsrc' '/var/folders/mz/1cg7sr7s7b515769b36sv9w40000gn/T/XcodeDistPipeline.~~~hjo97O/Root' '/var/folders/mz/1cg7sr7s7b515769b36sv9w40000gn/T/XcodeDistPipeline.~~~hjo97O/Packages/Undecimus.ipa'
2019-04-06 23:45:37 +0000  >>> Copying /var/folders/mz/1cg7sr7s7b515769b36sv9w40000gn/T/XcodeDistPipeline.~~~hjo97O/Root 
2019-04-06 23:45:37 +0000  copying file ./Payload/Undecimus.app/_CodeSignature/CodeResources ... 
2019-04-06 23:45:37 +0000  24572 bytes for ./Payload/Undecimus.app/_CodeSignature/CodeResources
2019-04-06 23:45:37 +0000  copying file ./Payload/Undecimus.app/binpack64-256.md5sums ... 
2019-04-06 23:45:37 +0000  16143 bytes for ./Payload/Undecimus.app/binpack64-256.md5sums
copying file ./Payload/Undecimus.app/Painting_With_Chocolate.ttf ... 
2019-04-06 23:45:37 +0000  1415148 bytes for ./Payload/Undecimus.app/Painting_With_Chocolate.ttf
copying file ./Payload/Undecimus.app/AppIcon60x60@2x.png ... 
2019-04-06 23:45:37 +0000  18735 bytes for ./Payload/Undecimus.app/AppIcon60x60@2x.png
copying symlink ./Payload/Undecimus.app/resources.deb ... 
linked ./Payload/Undecimus.app/resources.deb
copying file ./Payload/Undecimus.app/Base.lproj/LaunchScreen.storyboardc/01J-lp-oVM-view-Ze5-6b-2t3.nib ... 
1885 bytes for ./Payload/Undecimus.app/Base.lproj/LaunchScreen.storyboardc/01J-lp-oVM-view-Ze5-6b-2t3.nib
copying file ./Payload/Undecimus.app/Base.lproj/LaunchScreen.storyboardc/UIViewController-01J-lp-oVM.nib ... 
832 bytes for ./Payload/Undecimus.app/Base.lproj/LaunchScreen.storyboardc/UIViewController-01J-lp-oVM.nib
copying file ./Payload/Undecimus.app/Base.lproj/LaunchScreen.storyboardc/Info.plist ... 
2019-04-06 23:45:37 +0000  258 bytes for ./Payload/Undecimus.app/Base.lproj/LaunchScreen.storyboardc/Info.plist
2019-04-06 23:45:37 +0000  copying file ./Payload/Undecimus.app/Main.storyboardc/uGG-wM-8Jf-view-XeG-pE-Kqy.nib ... 
2019-04-06 23:45:37 +0000  28880 bytes for ./Payload/Undecimus.app/Main.storyboardc/uGG-wM-8Jf-view-XeG-pE-Kqy.nib
copying file ./Payload/Undecimus.app/Main.storyboardc/UITableViewController-uGG-wM-8Jf.nib ... 
2019-04-06 23:45:37 +0000  1093 bytes for ./Payload/Undecimus.app/Main.storyboardc/UITableViewController-uGG-wM-8Jf.nib
2019-04-06 23:45:37 +0000  copying file ./Payload/Undecimus.app/Main.storyboardc/ScN-Hx-Um8-view-GAs-vX-6zY.nib ... 
2019-04-06 23:45:37 +0000  33050 bytes for ./Payload/Undecimus.app/Main.storyboardc/ScN-Hx-Um8-view-GAs-vX-6zY.nib
copying file ./Payload/Undecimus.app/Main.storyboardc/UITabBarController-fXg-v1-4vE.nib ... 
2019-04-06 23:45:37 +0000  3261 bytes for ./Payload/Undecimus.app/Main.storyboardc/UITabBarController-fXg-v1-4vE.nib
copying file ./Payload/Undecimus.app/Main.storyboardc/tXi-Ze-6Yw-view-Vv2-VM-nBq.nib ... 
2019-04-06 23:45:37 +0000  8182 bytes for ./Payload/Undecimus.app/Main.storyboardc/tXi-Ze-6Yw-view-Vv2-VM-nBq.nib
copying file ./Payload/Undecimus.app/Main.storyboardc/Info.plist ... 
2019-04-06 23:45:37 +0000  349 bytes for ./Payload/Undecimus.app/Main.storyboardc/Info.plist
copying file ./Payload/Undecimus.app/Undecimus ... 
2019-04-06 23:45:37 +0000  538816 bytes for ./Payload/Undecimus.app/Undecimus
copying file ./Payload/Undecimus.app/Assets.car ... 
2019-04-06 23:45:37 +0000  6557768 bytes for ./Payload/Undecimus.app/Assets.car
copying file ./Payload/Undecimus.app/AppIcon76x76@2x~ipad.png ... 
2019-04-06 23:45:37 +0000  27379 bytes for ./Payload/Undecimus.app/AppIcon76x76@2x~ipad.png
2019-04-06 23:45:37 +0000  copying file ./Payload/Undecimus.app/apt/libgpg-error_1.32-1_iphoneos-arm.deb ... 
2019-04-06 23:45:37 +0000  132612 bytes for ./Payload/Undecimus.app/apt/libgpg-error_1.32-1_iphoneos-arm.deb
copying file ./Payload/Undecimus.app/apt/com.parrotgeek.nobetaalert_1.3.1_iphoneos-arm.deb ... 
2019-04-06 23:45:37 +0000  2708 bytes for ./Payload/Undecimus.app/apt/com.parrotgeek.nobetaalert_1.3.1_iphoneos-arm.deb
copying file ./Payload/Undecimus.app/apt/xz_5.2.4-4_iphoneos-arm.deb ... 
2019-04-06 23:45:37 +0000  158670 bytes for ./Payload/Undecimus.app/apt/xz_5.2.4-4_iphoneos-arm.deb
copying file ./Payload/Undecimus.app/apt/diffutils_3.6-1_iphoneos-arm.deb ... 
2019-04-06 23:45:37 +0000  168396 bytes for ./Payload/Undecimus.app/apt/diffutils_3.6-1_iphoneos-arm.deb
copying file ./Payload/Undecimus.app/apt/gnupg_2.2.11-2_iphoneos-arm.deb ... 
2019-04-06 23:45:37 +0000  2336180 bytes for ./Payload/Undecimus.app/apt/gnupg_2.2.11-2_iphoneos-arm.deb
copying file ./Payload/Undecimus.app/apt/gcrypt_1.8.3-1_iphoneos-arm.deb ... 
2019-04-06 23:45:37 +0000  431454 bytes for ./Payload/Undecimus.app/apt/gcrypt_1.8.3-1_iphoneos-arm.deb
2019-04-06 23:45:37 +0000  copying file ./Payload/Undecimus.app/apt/wget_1.19.5-2_iphoneos-arm.deb ... 
2019-04-06 23:45:37 +0000  255856 bytes for ./Payload/Undecimus.app/apt/wget_1.19.5-2_iphoneos-arm.deb
copying file ./Payload/Undecimus.app/apt/npth_1.6-1_iphoneos-arm.deb ... 
2019-04-06 23:45:37 +0000  14396 bytes for ./Payload/Undecimus.app/apt/npth_1.6-1_iphoneos-arm.deb
copying file ./Payload/Undecimus.app/apt/bzip2_1.0.6-1_iphoneos-arm.deb ... 
2019-04-06 23:45:37 +0000  52910 bytes for ./Payload/Undecimus.app/apt/bzip2_1.0.6-1_iphoneos-arm.deb
copying file ./Payload/Undecimus.app/apt/com.ps.letmeblock_0.0.1_iphoneos-arm.deb ... 
2019-04-06 23:45:37 +0000  1982 bytes for ./Payload/Undecimus.app/apt/com.ps.letmeblock_0.0.1_iphoneos-arm.deb
2019-04-06 23:45:37 +0000  copying file ./Payload/Undecimus.app/apt/libplist_2.0.0-2_iphoneos-arm.deb ... 
2019-04-06 23:45:37 +0000  44398 bytes for ./Payload/Undecimus.app/apt/libplist_2.0.0-2_iphoneos-arm.deb
copying file ./Payload/Undecimus.app/apt/dpkg_1.18.25-9_iphoneos-arm.deb ... 
2019-04-06 23:45:37 +0000  658852 bytes for ./Payload/Undecimus.app/apt/dpkg_1.18.25-9_iphoneos-arm.deb
copying file ./Payload/Undecimus.app/apt/ldid_2_2.1.1+elucubratus1_iphoneos-arm.deb ... 
2019-04-06 23:45:37 +0000  51782 bytes for ./Payload/Undecimus.app/apt/ldid_2_2.1.1+elucubratus1_iphoneos-arm.deb
copying file ./Payload/Undecimus.app/apt/readline_7.0.5-2_iphoneos-arm.deb ... 
2019-04-06 23:45:37 +0000  167042 bytes for ./Payload/Undecimus.app/apt/readline_7.0.5-2_iphoneos-arm.deb
copying file ./Payload/Undecimus.app/apt/firmware-sbin_0-1_all.deb ... 
2019-04-06 23:45:37 +0000  2140 bytes for ./Payload/Undecimus.app/apt/firmware-sbin_0-1_all.deb
2019-04-06 23:45:37 +0000  copying file ./Payload/Undecimus.app/apt/profile.d_0-1_iphoneos-arm.deb ... 
942 bytes for ./Payload/Undecimus.app/apt/profile.d_0-1_iphoneos-arm.deb
2019-04-06 23:45:37 +0000  copying file ./Payload/Undecimus.app/apt/signing-certificate_0.0.1_iphoneos-arm.deb ... 
2019-04-06 23:45:37 +0000  6236 bytes for ./Payload/Undecimus.app/apt/signing-certificate_0.0.1_iphoneos-arm.deb
copying file ./Payload/Undecimus.app/apt/nettle_3.4-2_iphoneos-arm.deb ... 
2019-04-06 23:45:37 +0000  355060 bytes for ./Payload/Undecimus.app/apt/nettle_3.4-2_iphoneos-arm.deb
copying file ./Payload/Undecimus.app/apt/libksba_1.3.5-1_iphoneos-arm.deb ... 
2019-04-06 23:45:37 +0000  105214 bytes for ./Payload/Undecimus.app/apt/libksba_1.3.5-1_iphoneos-arm.deb
copying file ./Payload/Undecimus.app/apt/tar_1.30-2_iphoneos-arm.deb ... 
2019-04-06 23:45:37 +0000  246592 bytes for ./Payload/Undecimus.app/apt/tar_1.30-2_iphoneos-arm.deb
2019-04-06 23:45:37 +0000  copying file ./Payload/Undecimus.app/apt/mobilesubstrate_0.9.7032_iphoneos-arm.deb ... 
2019-04-06 23:45:38 +0000  1705510 bytes for ./Payload/Undecimus.app/apt/mobilesubstrate_0.9.7032_iphoneos-arm.deb
2019-04-06 23:45:38 +0000  copying file ./Payload/Undecimus.app/apt/p11-kit_0.23.12-1_iphoneos-arm.deb ... 
2019-04-06 23:45:38 +0000  919680 bytes for ./Payload/Undecimus.app/apt/p11-kit_0.23.12-1_iphoneos-arm.deb
copying file ./Payload/Undecimus.app/apt/libapt_1.4.8-7_iphoneos-arm.deb ... 
2019-04-06 23:45:38 +0000  441792 bytes for ./Payload/Undecimus.app/apt/libapt_1.4.8-7_iphoneos-arm.deb
copying file ./Payload/Undecimus.app/apt/apt1.4_1.4.8-3_iphoneos-arm.deb ... 
2019-04-06 23:45:38 +0000  513554 bytes for ./Payload/Undecimus.app/apt/apt1.4_1.4.8-3_iphoneos-arm.deb
2019-04-06 23:45:38 +0000  copying file ./Payload/Undecimus.app/apt/berkeleydb_6.2.32-1_iphoneos-arm.deb ... 
2019-04-06 23:45:38 +0000  963874 bytes for ./Payload/Undecimus.app/apt/berkeleydb_6.2.32-1_iphoneos-arm.deb
copying file ./Payload/Undecimus.app/apt/essential_0-1_iphoneos-arm.deb ... 
2019-04-06 23:45:38 +0000  676 bytes for ./Payload/Undecimus.app/apt/essential_0-1_iphoneos-arm.deb
copying file ./Payload/Undecimus.app/apt/cydia_1.1.32~b12_iphoneos-arm.deb ... 
2019-04-06 23:45:38 +0000  1572214 bytes for ./Payload/Undecimus.app/apt/cydia_1.1.32~b12_iphoneos-arm.deb
copying file ./Payload/Undecimus.app/apt/coreutils-bin_8.30-3_iphoneos-arm.deb ... 
2019-04-06 23:45:38 +0000  1299318 bytes for ./Payload/Undecimus.app/apt/coreutils-bin_8.30-3_iphoneos-arm.deb
2019-04-06 23:45:38 +0000  copying file ./Payload/Undecimus.app/apt/Release ... 
2019-04-06 23:45:38 +0000  156 bytes for ./Payload/Undecimus.app/apt/Release
copying file ./Payload/Undecimus.app/apt/gnutls_3.5.19-1_iphoneos-arm.deb ... 
2019-04-06 23:45:38 +0000  1388320 bytes for ./Payload/Undecimus.app/apt/gnutls_3.5.19-1_iphoneos-arm.deb
copying file ./Payload/Undecimus.app/apt/openssh_7.9p1-3_iphoneos-arm.deb ... 
2019-04-06 23:45:38 +0000  1760384 bytes for ./Payload/Undecimus.app/apt/openssh_7.9p1-3_iphoneos-arm.deb
2019-04-06 23:45:38 +0000  copying file ./Payload/Undecimus.app/apt/org.thebigboss.repo.icons_1.0_all.deb ... 
2019-04-06 23:45:38 +0000  11530 bytes for ./Payload/Undecimus.app/apt/org.thebigboss.repo.icons_1.0_all.deb
copying file ./Payload/Undecimus.app/apt/libunistring_0.9.10-1_iphoneos-arm.deb ... 
2019-04-06 23:45:38 +0000  684810 bytes for ./Payload/Undecimus.app/apt/libunistring_0.9.10-1_iphoneos-arm.deb
copying file ./Payload/Undecimus.app/apt/gzip_1.9-1_iphoneos-arm.deb ... 
2019-04-06 23:45:38 +0000  71252 bytes for ./Payload/Undecimus.app/apt/gzip_1.9-1_iphoneos-arm.deb
copying file ./Payload/Undecimus.app/apt/apt-key_1.4.8-3_iphoneos-arm.deb ... 
2019-04-06 23:45:38 +0000  8830 bytes for ./Payload/Undecimus.app/apt/apt-key_1.4.8-3_iphoneos-arm.deb
copying file ./Payload/Undecimus.app/apt/libapt-pkg5.0_1.4.8-4_iphoneos-arm.deb ... 
2019-04-06 23:45:38 +0000  1740800 bytes for ./Payload/Undecimus.app/apt/libapt-pkg5.0_1.4.8-4_iphoneos-arm.deb
copying file ./Payload/Undecimus.app/apt/findutils_4.6.0-1_iphoneos-arm.deb ... 
2019-04-06 23:45:38 +0000  292062 bytes for ./Payload/Undecimus.app/apt/findutils_4.6.0-1_iphoneos-arm.deb
copying file ./Payload/Undecimus.app/apt/base_1-5_iphoneos-arm.deb ... 
2019-04-06 23:45:38 +0000  1876 bytes for ./Payload/Undecimus.app/apt/base_1-5_iphoneos-arm.deb
copying file ./Payload/Undecimus.app/apt/trustinjector_0.4~b5_iphoneos-arm.deb ... 
2019-04-06 23:45:38 +0000  41530 bytes for ./Payload/Undecimus.app/apt/trustinjector_0.4~b5_iphoneos-arm.deb
copying file ./Payload/Undecimus.app/apt/rsync_3.1.3-2_iphoneos-arm.deb ... 
2019-04-06 23:45:38 +0000  253978 bytes for ./Payload/Undecimus.app/apt/rsync_3.1.3-2_iphoneos-arm.deb
copying file ./Payload/Undecimus.app/apt/cydia-lproj_1.1.32~b1_iphoneos-arm.deb ... 
2019-04-06 23:45:38 +0000  78534 bytes for ./Payload/Undecimus.app/apt/cydia-lproj_1.1.32~b1_iphoneos-arm.deb
2019-04-06 23:45:38 +0000  copying file ./Payload/Undecimus.app/apt/apt7_1:0-2_iphoneos-arm.deb ... 
862 bytes for ./Payload/Undecimus.app/apt/apt7_1:0-2_iphoneos-arm.deb
copying file ./Payload/Undecimus.app/apt/file_5.34-2~1_iphoneos-arm.deb ... 
2019-04-06 23:45:38 +0000  259124 bytes for ./Payload/Undecimus.app/apt/file_5.34-2~1_iphoneos-arm.deb
copying file ./Payload/Undecimus.app/apt/system-cmds_790.30.1-2_iphoneos-arm.deb ... 
2019-04-06 23:45:38 +0000  191482 bytes for ./Payload/Undecimus.app/apt/system-cmds_790.30.1-2_iphoneos-arm.deb
2019-04-06 23:45:38 +0000  copying file ./Payload/Undecimus.app/apt/libssl1.0_1.0.2q-1_iphoneos-arm.deb ... 
2019-04-06 23:45:38 +0000  1085582 bytes for ./Payload/Undecimus.app/apt/libssl1.0_1.0.2q-1_iphoneos-arm.deb
2019-04-06 23:45:38 +0000  copying file ./Payload/Undecimus.app/apt/bash_4.4.23-2_iphoneos-arm.deb ... 
2019-04-06 23:45:38 +0000  496114 bytes for ./Payload/Undecimus.app/apt/bash_4.4.23-2_iphoneos-arm.deb
copying file ./Payload/Undecimus.app/apt/uikittools_1.1.13-5_iphoneos-arm.deb ... 
2019-04-06 23:45:38 +0000  24894 bytes for ./Payload/Undecimus.app/apt/uikittools_1.1.13-5_iphoneos-arm.deb
copying file ./Payload/Undecimus.app/apt/shell-cmds_118-8_iphoneos-arm.deb ... 
2019-04-06 23:45:38 +0000  12684 bytes for ./Payload/Undecimus.app/apt/shell-cmds_118-8_iphoneos-arm.deb
copying file ./Payload/Undecimus.app/apt/jailbreak-resources_1.0~b11.5_iphoneos-arm.deb ... 
2019-04-06 23:45:38 +0000  44866 bytes for ./Payload/Undecimus.app/apt/jailbreak-resources_1.0~b11.5_iphoneos-arm.deb
copying file ./Payload/Undecimus.app/apt/lzma_2:4.32.7-2_iphoneos-arm.deb ... 
2019-04-06 23:45:38 +0000  71624 bytes for ./Payload/Undecimus.app/apt/lzma_2:4.32.7-2_iphoneos-arm.deb
copying file ./Payload/Undecimus.app/apt/Packages ... 
2019-04-06 23:45:38 +0000  39025 bytes for ./Payload/Undecimus.app/apt/Packages
2019-04-06 23:45:38 +0000  copying file ./Payload/Undecimus.app/apt/diskdev-cmds_593.221.1-1_iphoneos-arm.deb ... 
2019-04-06 23:45:38 +0000  98764 bytes for ./Payload/Undecimus.app/apt/diskdev-cmds_593.221.1-1_iphoneos-arm.deb
copying file ./Payload/Undecimus.app/apt/libassuan_2.5.1-1_iphoneos-arm.deb ... 
2019-04-06 23:45:38 +0000  44150 bytes for ./Payload/Undecimus.app/apt/libassuan_2.5.1-1_iphoneos-arm.deb
copying file ./Payload/Undecimus.app/apt/apt7-lib_1:0_iphoneos-arm.deb ... 
2019-04-06 23:45:38 +0000  586 bytes for ./Payload/Undecimus.app/apt/apt7-lib_1:0_iphoneos-arm.deb
copying file ./Payload/Undecimus.app/apt/darwintools_1-6_iphoneos-arm.deb ... 
2019-04-06 23:45:38 +0000  7596 bytes for ./Payload/Undecimus.app/apt/darwintools_1-6_iphoneos-arm.deb
copying file ./Payload/Undecimus.app/apt/coreutils_8.30-2_iphoneos-arm.deb ... 
2019-04-06 23:45:38 +0000  2946970 bytes for ./Payload/Undecimus.app/apt/coreutils_8.30-2_iphoneos-arm.deb
2019-04-06 23:45:38 +0000  copying file ./Payload/Undecimus.app/apt/debianutils_4.8.6-1_iphoneos-arm.deb ... 
2019-04-06 23:45:38 +0000  7870 bytes for ./Payload/Undecimus.app/apt/debianutils_4.8.6-1_iphoneos-arm.deb
copying file ./Payload/Undecimus.app/apt/com.saurik.substrate.safemode_0.9.6001.1_iphoneos-arm.deb ... 
2019-04-06 23:45:38 +0000  15492 bytes for ./Payload/Undecimus.app/apt/com.saurik.substrate.safemode_0.9.6001.1_iphoneos-arm.deb
copying file ./Payload/Undecimus.app/apt/ncurses_6.1-1_iphoneos-arm.deb ... 
2019-04-06 23:45:38 +0000  650936 bytes for ./Payload/Undecimus.app/apt/ncurses_6.1-1_iphoneos-arm.deb
copying file ./Payload/Undecimus.app/apt/libgmp10_6.1.2-1_iphoneos-arm.deb ... 
2019-04-06 23:45:38 +0000  234754 bytes for ./Payload/Undecimus.app/apt/libgmp10_6.1.2-1_iphoneos-arm.deb
copying file ./Payload/Undecimus.app/apt/sed_4.5-1_iphoneos-arm.deb ... 
2019-04-06 23:45:38 +0000  96974 bytes for ./Payload/Undecimus.app/apt/sed_4.5-1_iphoneos-arm.deb
2019-04-06 23:45:38 +0000  copying file ./Payload/Undecimus.app/apt/apt7-key_1:0_iphoneos-arm.deb ... 
2019-04-06 23:45:38 +0000  588 bytes for ./Payload/Undecimus.app/apt/apt7-key_1:0_iphoneos-arm.deb
copying file ./Payload/Undecimus.app/apt/libidn2_6.1.2-1_iphoneos-arm.deb ... 
2019-04-06 23:45:38 +0000  168570 bytes for ./Payload/Undecimus.app/apt/libidn2_6.1.2-1_iphoneos-arm.deb
copying file ./Payload/Undecimus.app/apt/lz4_1.7.5-1_iphoneos-arm.deb ... 
2019-04-06 23:45:38 +0000  140720 bytes for ./Payload/Undecimus.app/apt/lz4_1.7.5-1_iphoneos-arm.deb
copying file ./Payload/Undecimus.app/apt/system-memory-reset-fix_1.0_iphoneos-arm.deb ... 
2019-04-06 23:45:38 +0000  1888 bytes for ./Payload/Undecimus.app/apt/system-memory-reset-fix_1.0_iphoneos-arm.deb
2019-04-06 23:45:38 +0000  copying file ./Payload/Undecimus.app/apt/gettext_0.19.8-1_iphoneos-arm.deb ... 
2019-04-06 23:45:38 +0000  1291512 bytes for ./Payload/Undecimus.app/apt/gettext_0.19.8-1_iphoneos-arm.deb
copying file ./Payload/Undecimus.app/apt/libtasn1_4.13-1_iphoneos-arm.deb ... 
2019-04-06 23:45:38 +0000  68908 bytes for ./Payload/Undecimus.app/apt/libtasn1_4.13-1_iphoneos-arm.deb
copying file ./Payload/Undecimus.app/apt/ca-certificates_0.0.1-1_all.deb ... 
2019-04-06 23:45:38 +0000  142818 bytes for ./Payload/Undecimus.app/apt/ca-certificates_0.0.1-1_all.deb
copying file ./Payload/Undecimus.app/apt/grep_3.1-1_iphoneos-arm.deb ... 
2019-04-06 23:45:38 +0000  115582 bytes for ./Payload/Undecimus.app/apt/grep_3.1-1_iphoneos-arm.deb
copying file ./Payload/Undecimus.app/apt/ncurses5-libs_5.9-1_iphoneos-arm.deb ... 
2019-04-06 23:45:38 +0000  356606 bytes for ./Payload/Undecimus.app/apt/ncurses5-libs_5.9-1_iphoneos-arm.deb
2019-04-06 23:45:38 +0000  copying file ./Payload/Undecimus.app/embedded.mobileprovision ... 
2019-04-06 23:45:38 +0000  14842 bytes for ./Payload/Undecimus.app/embedded.mobileprovision
copying file ./Payload/Undecimus.app/lists.tar.lzma ... 
2019-04-06 23:45:38 +0000  4487447 bytes for ./Payload/Undecimus.app/lists.tar.lzma
copying file ./Payload/Undecimus.app/Info.plist ... 
2019-04-06 23:45:38 +0000  1666 bytes for ./Payload/Undecimus.app/Info.plist
copying file ./Payload/Undecimus.app/binpack64-256.tar.lzma ... 
2019-04-06 23:45:39 +0000  3761052 bytes for ./Payload/Undecimus.app/binpack64-256.tar.lzma
copying file ./Payload/Undecimus.app/PkgInfo ... 
2019-04-06 23:45:39 +0000  8 bytes for ./Payload/Undecimus.app/PkgInfo
2019-04-06 23:45:39 +0000  /usr/bin/ditto exited with 0
2019-04-06 23:45:39 +0000  Processing step: IDEDistributionAppStoreInformationStep
2019-04-06 23:45:39 +0000  Skipping step: IDEDistributionAppStoreInformationStep because it said so
2019-04-06 23:45:39 +0000  Processing step: IDEDistributionCreateManifestStep
